Copyright 1986-2022 Xilinx, Inc. All Rights Reserved. Copyright 2022-2025 Advanced Micro Devices, Inc. All Rights Reserved.
---------------------------------------------------------------------------------------------------------------------------------------------
| Tool Version : Vivado v.2025.2 (lin64) Build 6299465 Fri Nov 14 12:34:56 MST 2025
| Date         : Fri Apr 10 09:32:04 2026
| Host         : LPT1146 running 64-bit Ubuntu 24.04.3 LTS
| Command      : report_timing_summary -file /mnt/d/work/HW/ofdm_tx_hls/vivado/timing_post_impl.rpt -max_paths 10
| Design       : ofdm_chain_wrapper
| Device       : 7a50t-csg325
| Speed File   : -2  PRODUCTION 1.23 2018-06-13
| Design State : Routed
---------------------------------------------------------------------------------------------------------------------------------------------

Timing Summary Report

------------------------------------------------------------------------------------------------
| Timer Settings
| --------------
------------------------------------------------------------------------------------------------

  Enable Multi Corner Analysis               :  Yes
  Enable Pessimism Removal                   :  Yes
  Pessimism Removal Resolution               :  Nearest Common Node
  Enable Input Delay Default Clock           :  No
  Enable Preset / Clear Arcs                 :  No
  Disable Flight Delays                      :  No
  Ignore I/O Paths                           :  No
  Timing Early Launch at Borrowing Latches   :  No
  Borrow Time for Max Delay Exceptions       :  Yes
  Merge Timing Exceptions                    :  Yes
  Inter-SLR Compensation                     :  Conservative

  Corner  Analyze    Analyze    
  Name    Max Paths  Min Paths  
  ------  ---------  ---------  
  Slow    Yes        Yes        
  Fast    Yes        Yes        


------------------------------------------------------------------------------------------------
| Report Methodology
| ------------------
------------------------------------------------------------------------------------------------

No report available as report_methodology has not been run prior. Run report_methodology on the current design for the summary of methodology violations.



check_timing report

Table of Contents
-----------------
1. checking no_clock (0)
2. checking constant_clock (0)
3. checking pulse_width_clock (0)
4. checking unconstrained_internal_endpoints (0)
5. checking no_input_delay (4)
6. checking no_output_delay (3)
7. checking multiple_clock (0)
8. checking generated_clocks (0)
9. checking loops (0)
10. checking partial_input_delay (0)
11. checking partial_output_delay (0)
12. checking latch_loops (0)

1. checking no_clock (0)
------------------------
 There are 0 register/latch pins with no clock.


2. checking constant_clock (0)
------------------------------
 There are 0 register/latch pins with constant_clock.


3. checking pulse_width_clock (0)
---------------------------------
 There are 0 register/latch pins which need pulse_width check


4. checking unconstrained_internal_endpoints (0)
------------------------------------------------
 There are 0 pins that are not constrained for maximum delay.

 There are 0 pins that are not constrained for maximum delay due to constant clock.


5. checking no_input_delay (4)
------------------------------
 There are 4 input ports with no input delay specified. (HIGH)

 There are 0 input ports with no input delay but user has a false path constraint.


6. checking no_output_delay (3)
-------------------------------
 There are 3 ports with no output delay specified. (HIGH)

 There are 0 ports with no output delay but user has a false path constraint

 There are 0 ports with no output delay but with a timing clock defined on it or propagating through it


7. checking multiple_clock (0)
------------------------------
 There are 0 register/latch pins with multiple clocks.


8. checking generated_clocks (0)
--------------------------------
 There are 0 generated clocks that are not connected to a clock source.


9. checking loops (0)
---------------------
 There are 0 combinational loops in the design.


10. checking partial_input_delay (0)
------------------------------------
 There are 0 input ports with partial input delay specified.


11. checking partial_output_delay (0)
-------------------------------------
 There are 0 ports with partial output delay specified.


12. checking latch_loops (0)
----------------------------
 There are 0 combinational latch loops in the design through latch input



------------------------------------------------------------------------------------------------
| Design Timing Summary
| ---------------------
------------------------------------------------------------------------------------------------

    WNS(ns)      TNS(ns)  TNS Failing Endpoints  TNS Total Endpoints      WHS(ns)      THS(ns)  THS Failing Endpoints  THS Total Endpoints     WPWS(ns)     TPWS(ns)  TPWS Failing Endpoints  TPWS Total Endpoints  
    -------      -------  ---------------------  -------------------      -------      -------  ---------------------  -------------------     --------     --------  ----------------------  --------------------  
      8.563        0.000                      0                    8        0.242        0.000                      0                    8        4.500        0.000                       0                     9  


All user specified timing constraints are met.


------------------------------------------------------------------------------------------------
| Clock Summary
| -------------
------------------------------------------------------------------------------------------------

Clock  Waveform(ns)       Period(ns)      Frequency(MHz)
-----  ------------       ----------      --------------
clk    {0.000 5.000}      10.000          100.000         


------------------------------------------------------------------------------------------------
| Intra Clock Table
| -----------------
------------------------------------------------------------------------------------------------

Clock             WNS(ns)      TNS(ns)  TNS Failing Endpoints  TNS Total Endpoints      WHS(ns)      THS(ns)  THS Failing Endpoints  THS Total Endpoints     WPWS(ns)     TPWS(ns)  TPWS Failing Endpoints  TPWS Total Endpoints  
-----             -------      -------  ---------------------  -------------------      -------      -------  ---------------------  -------------------     --------     --------  ----------------------  --------------------  
clk                 8.563        0.000                      0                    8        0.242        0.000                      0                    8        4.500        0.000                       0                     9  


------------------------------------------------------------------------------------------------
| Inter Clock Table
| -----------------
------------------------------------------------------------------------------------------------

From Clock    To Clock          WNS(ns)      TNS(ns)  TNS Failing Endpoints  TNS Total Endpoints      WHS(ns)      THS(ns)  THS Failing Endpoints  THS Total Endpoints  
----------    --------          -------      -------  ---------------------  -------------------      -------      -------  ---------------------  -------------------  


------------------------------------------------------------------------------------------------
| Other Path Groups Table
| -----------------------
------------------------------------------------------------------------------------------------

Path Group    From Clock    To Clock          WNS(ns)      TNS(ns)  TNS Failing Endpoints  TNS Total Endpoints      WHS(ns)      THS(ns)  THS Failing Endpoints  THS Total Endpoints  
----------    ----------    --------          -------      -------  ---------------------  -------------------      -------      -------  ---------------------  -------------------  


------------------------------------------------------------------------------------------------
| Timing Details
| --------------
------------------------------------------------------------------------------------------------


---------------------------------------------------------------------------------------------------
From Clock:  clk
  To Clock:  clk

Setup :            0  Failing Endpoints,  Worst Slack        8.563ns,  Total Violation        0.000ns
Hold  :            0  Failing Endpoints,  Worst Slack        0.242ns,  Total Violation        0.000ns
PW    :            0  Failing Endpoints,  Worst Slack        4.500ns,  Total Violation        0.000ns
---------------------------------------------------------------------------------------------------


Max Delay Paths
--------------------------------------------------------------------------------------
Slack (MET) :             8.563ns  (required time - arrival time)
  Source:                 ofdm_chain_i/tx_scrambler/inst/regslice_both_data_in_U/ack_in_t_reg/C
                            (rising edge-triggered cell FDRE clocked by clk  {rise@0.000ns fall@5.000ns period=10.000ns})
  Destination:            ofdm_chain_i/tx_scrambler/inst/regslice_both_data_in_U/FSM_sequential_state_reg[1]/D
                            (rising edge-triggered cell FDRE clocked by clk  {rise@0.000ns fall@5.000ns period=10.000ns})
  Path Group:             clk
  Path Type:              Setup (Max at Slow Process Corner)
  Requirement:            10.000ns  (clk rise@10.000ns - clk rise@0.000ns)
  Data Path Delay:        1.432ns  (logic 0.590ns (41.215%)  route 0.842ns (58.785%))
  Logic Levels:           1  (LUT5=1)
  Clock Path Skew:        0.000ns (DCD - SCD + CPR)
    Destination Clock Delay (DCD):    3.750ns = ( 13.750 - 10.000 ) 
    Source Clock Delay      (SCD):    4.082ns
    Clock Pessimism Removal (CPR):    0.332ns
  Clock Uncertainty:      0.035ns  ((TSJ^2 + TIJ^2)^1/2 + DJ) / 2 + PE
    Total System Jitter     (TSJ):    0.071ns
    Total Input Jitter      (TIJ):    0.000ns
    Discrete Jitter          (DJ):    0.000ns
    Phase Error              (PE):    0.000ns

    Location             Delay type                Incr(ns)  Path(ns)    Netlist Resource(s)
  -------------------------------------------------------------------    -------------------
                         (clock clk rise edge)        0.000     0.000 r  
    P15                                               0.000     0.000 r  clk (IN)
                         net (fo=0)                   0.000     0.000    clk
    P15                  IBUF (Prop_ibuf_I_O)         0.871     0.871 r  clk_IBUF_inst/O
                         net (fo=1, routed)           1.693     2.564    clk_IBUF
    BUFGCTRL_X0Y0        BUFG (Prop_bufg_I_O)         0.081     2.645 r  clk_IBUF_BUFG_inst/O
                         net (fo=8, routed)           1.438     4.082    ofdm_chain_i/tx_scrambler/inst/regslice_both_data_in_U/ap_clk
    SLICE_X1Y9           FDRE                                         r  ofdm_chain_i/tx_scrambler/inst/regslice_both_data_in_U/ack_in_t_reg/C
  -------------------------------------------------------------------    -------------------
    SLICE_X1Y9           FDRE (Prop_fdre_C_Q)         0.348     4.430 r  ofdm_chain_i/tx_scrambler/inst/regslice_both_data_in_U/ack_in_t_reg/Q
                         net (fo=3, routed)           0.842     5.272    ofdm_chain_i/tx_scrambler/inst/regslice_both_data_in_U/ack_in
    SLICE_X1Y9           LUT5 (Prop_lut5_I1_O)        0.242     5.514 r  ofdm_chain_i/tx_scrambler/inst/regslice_both_data_in_U/FSM_sequential_state[1]_i_1/O
                         net (fo=1, routed)           0.000     5.514    ofdm_chain_i/tx_scrambler/inst/regslice_both_data_in_U/FSM_sequential_state[1]_i_1_n_6
    SLICE_X1Y9           FDRE                                         r  ofdm_chain_i/tx_scrambler/inst/regslice_both_data_in_U/FSM_sequential_state_reg[1]/D
  -------------------------------------------------------------------    -------------------

                         (clock clk rise edge)       10.000    10.000 r  
    P15                                               0.000    10.000 r  clk (IN)
                         net (fo=0)                   0.000    10.000    clk
    P15                  IBUF (Prop_ibuf_I_O)         0.740    10.740 r  clk_IBUF_inst/O
                         net (fo=1, routed)           1.604    12.344    clk_IBUF
    BUFGCTRL_X0Y0        BUFG (Prop_bufg_I_O)         0.077    12.421 r  clk_IBUF_BUFG_inst/O
                         net (fo=8, routed)           1.329    13.750    ofdm_chain_i/tx_scrambler/inst/regslice_both_data_in_U/ap_clk
    SLICE_X1Y9           FDRE                                         r  ofdm_chain_i/tx_scrambler/inst/regslice_both_data_in_U/FSM_sequential_state_reg[1]/C
                         clock pessimism              0.332    14.082    
                         clock uncertainty           -0.035    14.047    
    SLICE_X1Y9           FDRE (Setup_fdre_C_D)        0.030    14.077    ofdm_chain_i/tx_scrambler/inst/regslice_both_data_in_U/FSM_sequential_state_reg[1]
  -------------------------------------------------------------------
                         required time                         14.077    
                         arrival time                          -5.514    
  -------------------------------------------------------------------
                         slack                                  8.563    

Slack (MET) :             8.581ns  (required time - arrival time)
  Source:                 ofdm_chain_i/tx_scrambler/inst/regslice_both_data_in_U/ack_in_t_reg/C
                            (rising edge-triggered cell FDRE clocked by clk  {rise@0.000ns fall@5.000ns period=10.000ns})
  Destination:            ofdm_chain_i/tx_scrambler/inst/regslice_both_data_in_U/ack_in_t_reg/D
                            (rising edge-triggered cell FDRE clocked by clk  {rise@0.000ns fall@5.000ns period=10.000ns})
  Path Group:             clk
  Path Type:              Setup (Max at Slow Process Corner)
  Requirement:            10.000ns  (clk rise@10.000ns - clk rise@0.000ns)
  Data Path Delay:        1.453ns  (logic 0.611ns (42.065%)  route 0.842ns (57.935%))
  Logic Levels:           1  (LUT5=1)
  Clock Path Skew:        0.000ns (DCD - SCD + CPR)
    Destination Clock Delay (DCD):    3.750ns = ( 13.750 - 10.000 ) 
    Source Clock Delay      (SCD):    4.082ns
    Clock Pessimism Removal (CPR):    0.332ns
  Clock Uncertainty:      0.035ns  ((TSJ^2 + TIJ^2)^1/2 + DJ) / 2 + PE
    Total System Jitter     (TSJ):    0.071ns
    Total Input Jitter      (TIJ):    0.000ns
    Discrete Jitter          (DJ):    0.000ns
    Phase Error              (PE):    0.000ns

    Location             Delay type                Incr(ns)  Path(ns)    Netlist Resource(s)
  -------------------------------------------------------------------    -------------------
                         (clock clk rise edge)        0.000     0.000 r  
    P15                                               0.000     0.000 r  clk (IN)
                         net (fo=0)                   0.000     0.000    clk
    P15                  IBUF (Prop_ibuf_I_O)         0.871     0.871 r  clk_IBUF_inst/O
                         net (fo=1, routed)           1.693     2.564    clk_IBUF
    BUFGCTRL_X0Y0        BUFG (Prop_bufg_I_O)         0.081     2.645 r  clk_IBUF_BUFG_inst/O
                         net (fo=8, routed)           1.438     4.082    ofdm_chain_i/tx_scrambler/inst/regslice_both_data_in_U/ap_clk
    SLICE_X1Y9           FDRE                                         r  ofdm_chain_i/tx_scrambler/inst/regslice_both_data_in_U/ack_in_t_reg/C
  -------------------------------------------------------------------    -------------------
    SLICE_X1Y9           FDRE (Prop_fdre_C_Q)         0.348     4.430 r  ofdm_chain_i/tx_scrambler/inst/regslice_both_data_in_U/ack_in_t_reg/Q
                         net (fo=3, routed)           0.842     5.272    ofdm_chain_i/tx_scrambler/inst/regslice_both_data_in_U/ack_in
    SLICE_X1Y9           LUT5 (Prop_lut5_I2_O)        0.263     5.535 r  ofdm_chain_i/tx_scrambler/inst/regslice_both_data_in_U/ack_in_t_i_1/O
                         net (fo=1, routed)           0.000     5.535    ofdm_chain_i/tx_scrambler/inst/regslice_both_data_in_U/ack_in_t_i_1_n_6
    SLICE_X1Y9           FDRE                                         r  ofdm_chain_i/tx_scrambler/inst/regslice_both_data_in_U/ack_in_t_reg/D
  -------------------------------------------------------------------    -------------------

                         (clock clk rise edge)       10.000    10.000 r  
    P15                                               0.000    10.000 r  clk (IN)
                         net (fo=0)                   0.000    10.000    clk
    P15                  IBUF (Prop_ibuf_I_O)         0.740    10.740 r  clk_IBUF_inst/O
                         net (fo=1, routed)           1.604    12.344    clk_IBUF
    BUFGCTRL_X0Y0        BUFG (Prop_bufg_I_O)         0.077    12.421 r  clk_IBUF_BUFG_inst/O
                         net (fo=8, routed)           1.329    13.750    ofdm_chain_i/tx_scrambler/inst/regslice_both_data_in_U/ap_clk
    SLICE_X1Y9           FDRE                                         r  ofdm_chain_i/tx_scrambler/inst/regslice_both_data_in_U/ack_in_t_reg/C
                         clock pessimism              0.332    14.082    
                         clock uncertainty           -0.035    14.047    
    SLICE_X1Y9           FDRE (Setup_fdre_C_D)        0.069    14.116    ofdm_chain_i/tx_scrambler/inst/regslice_both_data_in_U/ack_in_t_reg
  -------------------------------------------------------------------
                         required time                         14.116    
                         arrival time                          -5.535    
  -------------------------------------------------------------------
                         slack                                  8.581    

Slack (MET) :             8.954ns  (required time - arrival time)
  Source:                 ofdm_chain_i/ofdm_tx_0/inst/regslice_both_iq_out_U/state_reg[1]/C
                            (rising edge-triggered cell FDSE clocked by clk  {rise@0.000ns fall@5.000ns period=10.000ns})
  Destination:            ofdm_chain_i/ofdm_tx_0/inst/regslice_both_iq_out_U/state_reg[1]/D
                            (rising edge-triggered cell FDSE clocked by clk  {rise@0.000ns fall@5.000ns period=10.000ns})
  Path Group:             clk
  Path Type:              Setup (Max at Slow Process Corner)
  Requirement:            10.000ns  (clk rise@10.000ns - clk rise@0.000ns)
  Data Path Delay:        1.043ns  (logic 0.484ns (46.406%)  route 0.559ns (53.594%))
  Logic Levels:           1  (LUT3=1)
  Clock Path Skew:        0.000ns (DCD - SCD + CPR)
    Destination Clock Delay (DCD):    3.748ns = ( 13.748 - 10.000 ) 
    Source Clock Delay      (SCD):    4.080ns
    Clock Pessimism Removal (CPR):    0.332ns
  Clock Uncertainty:      0.035ns  ((TSJ^2 + TIJ^2)^1/2 + DJ) / 2 + PE
    Total System Jitter     (TSJ):    0.071ns
    Total Input Jitter      (TIJ):    0.000ns
    Discrete Jitter          (DJ):    0.000ns
    Phase Error              (PE):    0.000ns

    Location             Delay type                Incr(ns)  Path(ns)    Netlist Resource(s)
  -------------------------------------------------------------------    -------------------
                         (clock clk rise edge)        0.000     0.000 r  
    P15                                               0.000     0.000 r  clk (IN)
                         net (fo=0)                   0.000     0.000    clk
    P15                  IBUF (Prop_ibuf_I_O)         0.871     0.871 r  clk_IBUF_inst/O
                         net (fo=1, routed)           1.693     2.564    clk_IBUF
    BUFGCTRL_X0Y0        BUFG (Prop_bufg_I_O)         0.081     2.645 r  clk_IBUF_BUFG_inst/O
                         net (fo=8, routed)           1.436     4.080    ofdm_chain_i/ofdm_tx_0/inst/regslice_both_iq_out_U/ap_clk
    SLICE_X0Y11          FDSE                                         r  ofdm_chain_i/ofdm_tx_0/inst/regslice_both_iq_out_U/state_reg[1]/C
  -------------------------------------------------------------------    -------------------
    SLICE_X0Y11          FDSE (Prop_fdse_C_Q)         0.379     4.459 r  ofdm_chain_i/ofdm_tx_0/inst/regslice_both_iq_out_U/state_reg[1]/Q
                         net (fo=2, routed)           0.559     5.018    ofdm_chain_i/ofdm_tx_0/inst/regslice_both_iq_out_U/state[1]
    SLICE_X0Y11          LUT3 (Prop_lut3_I1_O)        0.105     5.123 r  ofdm_chain_i/ofdm_tx_0/inst/regslice_both_iq_out_U/state[1]_i_1/O
                         net (fo=1, routed)           0.000     5.123    ofdm_chain_i/ofdm_tx_0/inst/regslice_both_iq_out_U/state[1]_i_1_n_6
    SLICE_X0Y11          FDSE                                         r  ofdm_chain_i/ofdm_tx_0/inst/regslice_both_iq_out_U/state_reg[1]/D
  -------------------------------------------------------------------    -------------------

                         (clock clk rise edge)       10.000    10.000 r  
    P15                                               0.000    10.000 r  clk (IN)
                         net (fo=0)                   0.000    10.000    clk
    P15                  IBUF (Prop_ibuf_I_O)         0.740    10.740 r  clk_IBUF_inst/O
                         net (fo=1, routed)           1.604    12.344    clk_IBUF
    BUFGCTRL_X0Y0        BUFG (Prop_bufg_I_O)         0.077    12.421 r  clk_IBUF_BUFG_inst/O
                         net (fo=8, routed)           1.327    13.748    ofdm_chain_i/ofdm_tx_0/inst/regslice_both_iq_out_U/ap_clk
    SLICE_X0Y11          FDSE                                         r  ofdm_chain_i/ofdm_tx_0/inst/regslice_both_iq_out_U/state_reg[1]/C
                         clock pessimism              0.332    14.080    
                         clock uncertainty           -0.035    14.045    
    SLICE_X0Y11          FDSE (Setup_fdse_C_D)        0.032    14.077    ofdm_chain_i/ofdm_tx_0/inst/regslice_both_iq_out_U/state_reg[1]
  -------------------------------------------------------------------
                         required time                         14.077    
                         arrival time                          -5.123    
  -------------------------------------------------------------------
                         slack                                  8.954    

Slack (MET) :             8.954ns  (required time - arrival time)
  Source:                 ofdm_chain_i/sync_detect_0/inst/regslice_both_iq_in_U/FSM_sequential_state_reg[0]/C
                            (rising edge-triggered cell FDSE clocked by clk  {rise@0.000ns fall@5.000ns period=10.000ns})
  Destination:            ofdm_chain_i/sync_detect_0/inst/regslice_both_iq_in_U/FSM_sequential_state_reg[0]/D
                            (rising edge-triggered cell FDSE clocked by clk  {rise@0.000ns fall@5.000ns period=10.000ns})
  Path Group:             clk
  Path Type:              Setup (Max at Slow Process Corner)
  Requirement:            10.000ns  (clk rise@10.000ns - clk rise@0.000ns)
  Data Path Delay:        1.043ns  (logic 0.484ns (46.406%)  route 0.559ns (53.594%))
  Logic Levels:           1  (LUT3=1)
  Clock Path Skew:        0.000ns (DCD - SCD + CPR)
    Destination Clock Delay (DCD):    3.750ns = ( 13.750 - 10.000 ) 
    Source Clock Delay      (SCD):    4.082ns
    Clock Pessimism Removal (CPR):    0.332ns
  Clock Uncertainty:      0.035ns  ((TSJ^2 + TIJ^2)^1/2 + DJ) / 2 + PE
    Total System Jitter     (TSJ):    0.071ns
    Total Input Jitter      (TIJ):    0.000ns
    Discrete Jitter          (DJ):    0.000ns
    Phase Error              (PE):    0.000ns

    Location             Delay type                Incr(ns)  Path(ns)    Netlist Resource(s)
  -------------------------------------------------------------------    -------------------
                         (clock clk rise edge)        0.000     0.000 r  
    P15                                               0.000     0.000 r  clk (IN)
                         net (fo=0)                   0.000     0.000    clk
    P15                  IBUF (Prop_ibuf_I_O)         0.871     0.871 r  clk_IBUF_inst/O
                         net (fo=1, routed)           1.693     2.564    clk_IBUF
    BUFGCTRL_X0Y0        BUFG (Prop_bufg_I_O)         0.081     2.645 r  clk_IBUF_BUFG_inst/O
                         net (fo=8, routed)           1.438     4.082    ofdm_chain_i/sync_detect_0/inst/regslice_both_iq_in_U/ap_clk
    SLICE_X0Y9           FDSE                                         r  ofdm_chain_i/sync_detect_0/inst/regslice_both_iq_in_U/FSM_sequential_state_reg[0]/C
  -------------------------------------------------------------------    -------------------
    SLICE_X0Y9           FDSE (Prop_fdse_C_Q)         0.379     4.461 r  ofdm_chain_i/sync_detect_0/inst/regslice_both_iq_in_U/FSM_sequential_state_reg[0]/Q
                         net (fo=3, routed)           0.559     5.020    ofdm_chain_i/sync_detect_0/inst/regslice_both_iq_in_U/state__0[0]
    SLICE_X0Y9           LUT3 (Prop_lut3_I0_O)        0.105     5.125 r  ofdm_chain_i/sync_detect_0/inst/regslice_both_iq_in_U/FSM_sequential_state[0]_i_1/O
                         net (fo=1, routed)           0.000     5.125    ofdm_chain_i/sync_detect_0/inst/regslice_both_iq_in_U/next__0[0]
    SLICE_X0Y9           FDSE                                         r  ofdm_chain_i/sync_detect_0/inst/regslice_both_iq_in_U/FSM_sequential_state_reg[0]/D
  -------------------------------------------------------------------    -------------------

                         (clock clk rise edge)       10.000    10.000 r  
    P15                                               0.000    10.000 r  clk (IN)
                         net (fo=0)                   0.000    10.000    clk
    P15                  IBUF (Prop_ibuf_I_O)         0.740    10.740 r  clk_IBUF_inst/O
                         net (fo=1, routed)           1.604    12.344    clk_IBUF
    BUFGCTRL_X0Y0        BUFG (Prop_bufg_I_O)         0.077    12.421 r  clk_IBUF_BUFG_inst/O
                         net (fo=8, routed)           1.329    13.750    ofdm_chain_i/sync_detect_0/inst/regslice_both_iq_in_U/ap_clk
    SLICE_X0Y9           FDSE                                         r  ofdm_chain_i/sync_detect_0/inst/regslice_both_iq_in_U/FSM_sequential_state_reg[0]/C
                         clock pessimism              0.332    14.082    
                         clock uncertainty           -0.035    14.047    
    SLICE_X0Y9           FDSE (Setup_fdse_C_D)        0.032    14.079    ofdm_chain_i/sync_detect_0/inst/regslice_both_iq_in_U/FSM_sequential_state_reg[0]
  -------------------------------------------------------------------
                         required time                         14.079    
                         arrival time                          -5.125    
  -------------------------------------------------------------------
                         slack                                  8.954    

Slack (MET) :             8.958ns  (required time - arrival time)
  Source:                 ofdm_chain_i/ofdm_tx_0/inst/regslice_both_iq_out_U/state_reg[1]/C
                            (rising edge-triggered cell FDSE clocked by clk  {rise@0.000ns fall@5.000ns period=10.000ns})
  Destination:            ofdm_chain_i/ofdm_tx_0/inst/regslice_both_iq_out_U/state_reg[0]/D
                            (rising edge-triggered cell FDRE clocked by clk  {rise@0.000ns fall@5.000ns period=10.000ns})
  Path Group:             clk
  Path Type:              Setup (Max at Slow Process Corner)
  Requirement:            10.000ns  (clk rise@10.000ns - clk rise@0.000ns)
  Data Path Delay:        1.037ns  (logic 0.484ns (46.689%)  route 0.553ns (53.311%))
  Logic Levels:           1  (LUT3=1)
  Clock Path Skew:        0.000ns (DCD - SCD + CPR)
    Destination Clock Delay (DCD):    3.748ns = ( 13.748 - 10.000 ) 
    Source Clock Delay      (SCD):    4.080ns
    Clock Pessimism Removal (CPR):    0.332ns
  Clock Uncertainty:      0.035ns  ((TSJ^2 + TIJ^2)^1/2 + DJ) / 2 + PE
    Total System Jitter     (TSJ):    0.071ns
    Total Input Jitter      (TIJ):    0.000ns
    Discrete Jitter          (DJ):    0.000ns
    Phase Error              (PE):    0.000ns

    Location             Delay type                Incr(ns)  Path(ns)    Netlist Resource(s)
  -------------------------------------------------------------------    -------------------
                         (clock clk rise edge)        0.000     0.000 r  
    P15                                               0.000     0.000 r  clk (IN)
                         net (fo=0)                   0.000     0.000    clk
    P15                  IBUF (Prop_ibuf_I_O)         0.871     0.871 r  clk_IBUF_inst/O
                         net (fo=1, routed)           1.693     2.564    clk_IBUF
    BUFGCTRL_X0Y0        BUFG (Prop_bufg_I_O)         0.081     2.645 r  clk_IBUF_BUFG_inst/O
                         net (fo=8, routed)           1.436     4.080    ofdm_chain_i/ofdm_tx_0/inst/regslice_both_iq_out_U/ap_clk
    SLICE_X0Y11          FDSE                                         r  ofdm_chain_i/ofdm_tx_0/inst/regslice_both_iq_out_U/state_reg[1]/C
  -------------------------------------------------------------------    -------------------
    SLICE_X0Y11          FDSE (Prop_fdse_C_Q)         0.379     4.459 f  ofdm_chain_i/ofdm_tx_0/inst/regslice_both_iq_out_U/state_reg[1]/Q
                         net (fo=2, routed)           0.553     5.012    ofdm_chain_i/ofdm_tx_0/inst/regslice_both_iq_out_U/state[1]
    SLICE_X0Y11          LUT3 (Prop_lut3_I2_O)        0.105     5.117 r  ofdm_chain_i/ofdm_tx_0/inst/regslice_both_iq_out_U/state[0]_i_1/O
                         net (fo=1, routed)           0.000     5.117    ofdm_chain_i/ofdm_tx_0/inst/regslice_both_iq_out_U/state[0]_i_1_n_6
    SLICE_X0Y11          FDRE                                         r  ofdm_chain_i/ofdm_tx_0/inst/regslice_both_iq_out_U/state_reg[0]/D
  -------------------------------------------------------------------    -------------------

                         (clock clk rise edge)       10.000    10.000 r  
    P15                                               0.000    10.000 r  clk (IN)
                         net (fo=0)                   0.000    10.000    clk
    P15                  IBUF (Prop_ibuf_I_O)         0.740    10.740 r  clk_IBUF_inst/O
                         net (fo=1, routed)           1.604    12.344    clk_IBUF
    BUFGCTRL_X0Y0        BUFG (Prop_bufg_I_O)         0.077    12.421 r  clk_IBUF_BUFG_inst/O
                         net (fo=8, routed)           1.327    13.748    ofdm_chain_i/ofdm_tx_0/inst/regslice_both_iq_out_U/ap_clk
    SLICE_X0Y11          FDRE                                         r  ofdm_chain_i/ofdm_tx_0/inst/regslice_both_iq_out_U/state_reg[0]/C
                         clock pessimism              0.332    14.080    
                         clock uncertainty           -0.035    14.045    
    SLICE_X0Y11          FDRE (Setup_fdre_C_D)        0.030    14.075    ofdm_chain_i/ofdm_tx_0/inst/regslice_both_iq_out_U/state_reg[0]
  -------------------------------------------------------------------
                         required time                         14.075    
                         arrival time                          -5.117    
  -------------------------------------------------------------------
                         slack                                  8.958    

Slack (MET) :             8.958ns  (required time - arrival time)
  Source:                 ofdm_chain_i/sync_detect_0/inst/regslice_both_iq_in_U/FSM_sequential_state_reg[0]/C
                            (rising edge-triggered cell FDSE clocked by clk  {rise@0.000ns fall@5.000ns period=10.000ns})
  Destination:            ofdm_chain_i/sync_detect_0/inst/regslice_both_iq_in_U/FSM_sequential_state_reg[1]/D
                            (rising edge-triggered cell FDRE clocked by clk  {rise@0.000ns fall@5.000ns period=10.000ns})
  Path Group:             clk
  Path Type:              Setup (Max at Slow Process Corner)
  Requirement:            10.000ns  (clk rise@10.000ns - clk rise@0.000ns)
  Data Path Delay:        1.037ns  (logic 0.484ns (46.689%)  route 0.553ns (53.311%))
  Logic Levels:           1  (LUT4=1)
  Clock Path Skew:        0.000ns (DCD - SCD + CPR)
    Destination Clock Delay (DCD):    3.750ns = ( 13.750 - 10.000 ) 
    Source Clock Delay      (SCD):    4.082ns
    Clock Pessimism Removal (CPR):    0.332ns
  Clock Uncertainty:      0.035ns  ((TSJ^2 + TIJ^2)^1/2 + DJ) / 2 + PE
    Total System Jitter     (TSJ):    0.071ns
    Total Input Jitter      (TIJ):    0.000ns
    Discrete Jitter          (DJ):    0.000ns
    Phase Error              (PE):    0.000ns

    Location             Delay type                Incr(ns)  Path(ns)    Netlist Resource(s)
  -------------------------------------------------------------------    -------------------
                         (clock clk rise edge)        0.000     0.000 r  
    P15                                               0.000     0.000 r  clk (IN)
                         net (fo=0)                   0.000     0.000    clk
    P15                  IBUF (Prop_ibuf_I_O)         0.871     0.871 r  clk_IBUF_inst/O
                         net (fo=1, routed)           1.693     2.564    clk_IBUF
    BUFGCTRL_X0Y0        BUFG (Prop_bufg_I_O)         0.081     2.645 r  clk_IBUF_BUFG_inst/O
                         net (fo=8, routed)           1.438     4.082    ofdm_chain_i/sync_detect_0/inst/regslice_both_iq_in_U/ap_clk
    SLICE_X0Y9           FDSE                                         r  ofdm_chain_i/sync_detect_0/inst/regslice_both_iq_in_U/FSM_sequential_state_reg[0]/C
  -------------------------------------------------------------------    -------------------
    SLICE_X0Y9           FDSE (Prop_fdse_C_Q)         0.379     4.461 r  ofdm_chain_i/sync_detect_0/inst/regslice_both_iq_in_U/FSM_sequential_state_reg[0]/Q
                         net (fo=3, routed)           0.553     5.014    ofdm_chain_i/sync_detect_0/inst/regslice_both_iq_in_U/state__0[0]
    SLICE_X0Y9           LUT4 (Prop_lut4_I1_O)        0.105     5.119 r  ofdm_chain_i/sync_detect_0/inst/regslice_both_iq_in_U/FSM_sequential_state[1]_i_1/O
                         net (fo=1, routed)           0.000     5.119    ofdm_chain_i/sync_detect_0/inst/regslice_both_iq_in_U/next__0[1]
    SLICE_X0Y9           FDRE                                         r  ofdm_chain_i/sync_detect_0/inst/regslice_both_iq_in_U/FSM_sequential_state_reg[1]/D
  -------------------------------------------------------------------    -------------------

                         (clock clk rise edge)       10.000    10.000 r  
    P15                                               0.000    10.000 r  clk (IN)
                         net (fo=0)                   0.000    10.000    clk
    P15                  IBUF (Prop_ibuf_I_O)         0.740    10.740 r  clk_IBUF_inst/O
                         net (fo=1, routed)           1.604    12.344    clk_IBUF
    BUFGCTRL_X0Y0        BUFG (Prop_bufg_I_O)         0.077    12.421 r  clk_IBUF_BUFG_inst/O
                         net (fo=8, routed)           1.329    13.750    ofdm_chain_i/sync_detect_0/inst/regslice_both_iq_in_U/ap_clk
    SLICE_X0Y9           FDRE                                         r  ofdm_chain_i/sync_detect_0/inst/regslice_both_iq_in_U/FSM_sequential_state_reg[1]/C
                         clock pessimism              0.332    14.082    
                         clock uncertainty           -0.035    14.047    
    SLICE_X0Y9           FDRE (Setup_fdre_C_D)        0.030    14.077    ofdm_chain_i/sync_detect_0/inst/regslice_both_iq_in_U/FSM_sequential_state_reg[1]
  -------------------------------------------------------------------
                         required time                         14.077    
                         arrival time                          -5.119    
  -------------------------------------------------------------------
                         slack                                  8.958    

Slack (MET) :             8.962ns  (required time - arrival time)
  Source:                 ofdm_chain_i/tx_scrambler/inst/regslice_both_data_in_U/FSM_sequential_state_reg[0]/C
                            (rising edge-triggered cell FDRE clocked by clk  {rise@0.000ns fall@5.000ns period=10.000ns})
  Destination:            ofdm_chain_i/tx_scrambler/inst/regslice_both_data_in_U/FSM_sequential_state_reg[0]/D
                            (rising edge-triggered cell FDRE clocked by clk  {rise@0.000ns fall@5.000ns period=10.000ns})
  Path Group:             clk
  Path Type:              Setup (Max at Slow Process Corner)
  Requirement:            10.000ns  (clk rise@10.000ns - clk rise@0.000ns)
  Data Path Delay:        1.035ns  (logic 0.484ns (46.768%)  route 0.551ns (53.232%))
  Logic Levels:           1  (LUT4=1)
  Clock Path Skew:        0.000ns (DCD - SCD + CPR)
    Destination Clock Delay (DCD):    3.750ns = ( 13.750 - 10.000 ) 
    Source Clock Delay      (SCD):    4.082ns
    Clock Pessimism Removal (CPR):    0.332ns
  Clock Uncertainty:      0.035ns  ((TSJ^2 + TIJ^2)^1/2 + DJ) / 2 + PE
    Total System Jitter     (TSJ):    0.071ns
    Total Input Jitter      (TIJ):    0.000ns
    Discrete Jitter          (DJ):    0.000ns
    Phase Error              (PE):    0.000ns

    Location             Delay type                Incr(ns)  Path(ns)    Netlist Resource(s)
  -------------------------------------------------------------------    -------------------
                         (clock clk rise edge)        0.000     0.000 r  
    P15                                               0.000     0.000 r  clk (IN)
                         net (fo=0)                   0.000     0.000    clk
    P15                  IBUF (Prop_ibuf_I_O)         0.871     0.871 r  clk_IBUF_inst/O
                         net (fo=1, routed)           1.693     2.564    clk_IBUF
    BUFGCTRL_X0Y0        BUFG (Prop_bufg_I_O)         0.081     2.645 r  clk_IBUF_BUFG_inst/O
                         net (fo=8, routed)           1.438     4.082    ofdm_chain_i/tx_scrambler/inst/regslice_both_data_in_U/ap_clk
    SLICE_X1Y9           FDRE                                         r  ofdm_chain_i/tx_scrambler/inst/regslice_both_data_in_U/FSM_sequential_state_reg[0]/C
  -------------------------------------------------------------------    -------------------
    SLICE_X1Y9           FDRE (Prop_fdre_C_Q)         0.379     4.461 r  ofdm_chain_i/tx_scrambler/inst/regslice_both_data_in_U/FSM_sequential_state_reg[0]/Q
                         net (fo=3, routed)           0.551     5.012    ofdm_chain_i/tx_scrambler/inst/regslice_both_data_in_U/state__0[0]
    SLICE_X1Y9           LUT4 (Prop_lut4_I1_O)        0.105     5.117 r  ofdm_chain_i/tx_scrambler/inst/regslice_both_data_in_U/FSM_sequential_state[0]_i_1/O
                         net (fo=1, routed)           0.000     5.117    ofdm_chain_i/tx_scrambler/inst/regslice_both_data_in_U/FSM_sequential_state[0]_i_1_n_6
    SLICE_X1Y9           FDRE                                         r  ofdm_chain_i/tx_scrambler/inst/regslice_both_data_in_U/FSM_sequential_state_reg[0]/D
  -------------------------------------------------------------------    -------------------

                         (clock clk rise edge)       10.000    10.000 r  
    P15                                               0.000    10.000 r  clk (IN)
                         net (fo=0)                   0.000    10.000    clk
    P15                  IBUF (Prop_ibuf_I_O)         0.740    10.740 r  clk_IBUF_inst/O
                         net (fo=1, routed)           1.604    12.344    clk_IBUF
    BUFGCTRL_X0Y0        BUFG (Prop_bufg_I_O)         0.077    12.421 r  clk_IBUF_BUFG_inst/O
                         net (fo=8, routed)           1.329    13.750    ofdm_chain_i/tx_scrambler/inst/regslice_both_data_in_U/ap_clk
    SLICE_X1Y9           FDRE                                         r  ofdm_chain_i/tx_scrambler/inst/regslice_both_data_in_U/FSM_sequential_state_reg[0]/C
                         clock pessimism              0.332    14.082    
                         clock uncertainty           -0.035    14.047    
    SLICE_X1Y9           FDRE (Setup_fdre_C_D)        0.032    14.079    ofdm_chain_i/tx_scrambler/inst/regslice_both_data_in_U/FSM_sequential_state_reg[0]
  -------------------------------------------------------------------
                         required time                         14.079    
                         arrival time                          -5.117    
  -------------------------------------------------------------------
                         slack                                  8.962    

Slack (MET) :             8.987ns  (required time - arrival time)
  Source:                 ofdm_chain_i/sync_detect_0/inst/regslice_both_iq_in_U/FSM_sequential_state_reg[0]/C
                            (rising edge-triggered cell FDSE clocked by clk  {rise@0.000ns fall@5.000ns period=10.000ns})
  Destination:            ofdm_chain_i/sync_detect_0/inst/regslice_both_iq_in_U/ack_in_t_reg/D
                            (rising edge-triggered cell FDRE clocked by clk  {rise@0.000ns fall@5.000ns period=10.000ns})
  Path Group:             clk
  Path Type:              Setup (Max at Slow Process Corner)
  Requirement:            10.000ns  (clk rise@10.000ns - clk rise@0.000ns)
  Data Path Delay:        1.047ns  (logic 0.494ns (47.198%)  route 0.553ns (52.802%))
  Logic Levels:           1  (LUT4=1)
  Clock Path Skew:        0.000ns (DCD - SCD + CPR)
    Destination Clock Delay (DCD):    3.750ns = ( 13.750 - 10.000 ) 
    Source Clock Delay      (SCD):    4.082ns
    Clock Pessimism Removal (CPR):    0.332ns
  Clock Uncertainty:      0.035ns  ((TSJ^2 + TIJ^2)^1/2 + DJ) / 2 + PE
    Total System Jitter     (TSJ):    0.071ns
    Total Input Jitter      (TIJ):    0.000ns
    Discrete Jitter          (DJ):    0.000ns
    Phase Error              (PE):    0.000ns

    Location             Delay type                Incr(ns)  Path(ns)    Netlist Resource(s)
  -------------------------------------------------------------------    -------------------
                         (clock clk rise edge)        0.000     0.000 r  
    P15                                               0.000     0.000 r  clk (IN)
                         net (fo=0)                   0.000     0.000    clk
    P15                  IBUF (Prop_ibuf_I_O)         0.871     0.871 r  clk_IBUF_inst/O
                         net (fo=1, routed)           1.693     2.564    clk_IBUF
    BUFGCTRL_X0Y0        BUFG (Prop_bufg_I_O)         0.081     2.645 r  clk_IBUF_BUFG_inst/O
                         net (fo=8, routed)           1.438     4.082    ofdm_chain_i/sync_detect_0/inst/regslice_both_iq_in_U/ap_clk
    SLICE_X0Y9           FDSE                                         r  ofdm_chain_i/sync_detect_0/inst/regslice_both_iq_in_U/FSM_sequential_state_reg[0]/C
  -------------------------------------------------------------------    -------------------
    SLICE_X0Y9           FDSE (Prop_fdse_C_Q)         0.379     4.461 r  ofdm_chain_i/sync_detect_0/inst/regslice_both_iq_in_U/FSM_sequential_state_reg[0]/Q
                         net (fo=3, routed)           0.553     5.014    ofdm_chain_i/sync_detect_0/inst/regslice_both_iq_in_U/state__0[0]
    SLICE_X0Y9           LUT4 (Prop_lut4_I3_O)        0.115     5.129 r  ofdm_chain_i/sync_detect_0/inst/regslice_both_iq_in_U/ack_in_t_i_1/O
                         net (fo=1, routed)           0.000     5.129    ofdm_chain_i/sync_detect_0/inst/regslice_both_iq_in_U/ack_in_t_i_1_n_6
    SLICE_X0Y9           FDRE                                         r  ofdm_chain_i/sync_detect_0/inst/regslice_both_iq_in_U/ack_in_t_reg/D
  -------------------------------------------------------------------    -------------------

                         (clock clk rise edge)       10.000    10.000 r  
    P15                                               0.000    10.000 r  clk (IN)
                         net (fo=0)                   0.000    10.000    clk
    P15                  IBUF (Prop_ibuf_I_O)         0.740    10.740 r  clk_IBUF_inst/O
                         net (fo=1, routed)           1.604    12.344    clk_IBUF
    BUFGCTRL_X0Y0        BUFG (Prop_bufg_I_O)         0.077    12.421 r  clk_IBUF_BUFG_inst/O
                         net (fo=8, routed)           1.329    13.750    ofdm_chain_i/sync_detect_0/inst/regslice_both_iq_in_U/ap_clk
    SLICE_X0Y9           FDRE                                         r  ofdm_chain_i/sync_detect_0/inst/regslice_both_iq_in_U/ack_in_t_reg/C
                         clock pessimism              0.332    14.082    
                         clock uncertainty           -0.035    14.047    
    SLICE_X0Y9           FDRE (Setup_fdre_C_D)        0.069    14.116    ofdm_chain_i/sync_detect_0/inst/regslice_both_iq_in_U/ack_in_t_reg
  -------------------------------------------------------------------
                         required time                         14.116    
                         arrival time                          -5.129    
  -------------------------------------------------------------------
                         slack                                  8.987    





Min Delay Paths
--------------------------------------------------------------------------------------
Slack (MET) :             0.242ns  (arrival time - required time)
  Source:                 ofdm_chain_i/tx_scrambler/inst/regslice_both_data_in_U/FSM_sequential_state_reg[1]/C
                            (rising edge-triggered cell FDRE clocked by clk  {rise@0.000ns fall@5.000ns period=10.000ns})
  Destination:            ofdm_chain_i/tx_scrambler/inst/regslice_both_data_in_U/ack_in_t_reg/D
                            (rising edge-triggered cell FDRE clocked by clk  {rise@0.000ns fall@5.000ns period=10.000ns})
  Path Group:             clk
  Path Type:              Hold (Min at Fast Process Corner)
  Requirement:            0.000ns  (clk rise@0.000ns - clk rise@0.000ns)
  Data Path Delay:        0.349ns  (logic 0.183ns (52.452%)  route 0.166ns (47.548%))
  Logic Levels:           1  (LUT5=1)
  Clock Path Skew:        0.000ns (DCD - SCD - CPR)
    Destination Clock Delay (DCD):    1.939ns
    Source Clock Delay      (SCD):    1.422ns
    Clock Pessimism Removal (CPR):    0.517ns

    Location             Delay type                Incr(ns)  Path(ns)    Netlist Resource(s)
  -------------------------------------------------------------------    -------------------
                         (clock clk rise edge)        0.000     0.000 r  
    P15                                               0.000     0.000 r  clk (IN)
                         net (fo=0)                   0.000     0.000    clk
    P15                  IBUF (Prop_ibuf_I_O)         0.168     0.168 r  clk_IBUF_inst/O
                         net (fo=1, routed)           0.634     0.802    clk_IBUF
    BUFGCTRL_X0Y0        BUFG (Prop_bufg_I_O)         0.026     0.828 r  clk_IBUF_BUFG_inst/O
                         net (fo=8, routed)           0.594     1.422    ofdm_chain_i/tx_scrambler/inst/regslice_both_data_in_U/ap_clk
    SLICE_X1Y9           FDRE                                         r  ofdm_chain_i/tx_scrambler/inst/regslice_both_data_in_U/FSM_sequential_state_reg[1]/C
  -------------------------------------------------------------------    -------------------
    SLICE_X1Y9           FDRE (Prop_fdre_C_Q)         0.141     1.563 f  ofdm_chain_i/tx_scrambler/inst/regslice_both_data_in_U/FSM_sequential_state_reg[1]/Q
                         net (fo=3, routed)           0.166     1.729    ofdm_chain_i/tx_scrambler/inst/regslice_both_data_in_U/state__0[1]
    SLICE_X1Y9           LUT5 (Prop_lut5_I1_O)        0.042     1.771 r  ofdm_chain_i/tx_scrambler/inst/regslice_both_data_in_U/ack_in_t_i_1/O
                         net (fo=1, routed)           0.000     1.771    ofdm_chain_i/tx_scrambler/inst/regslice_both_data_in_U/ack_in_t_i_1_n_6
    SLICE_X1Y9           FDRE                                         r  ofdm_chain_i/tx_scrambler/inst/regslice_both_data_in_U/ack_in_t_reg/D
  -------------------------------------------------------------------    -------------------

                         (clock clk rise edge)        0.000     0.000 r  
    P15                                               0.000     0.000 r  clk (IN)
                         net (fo=0)                   0.000     0.000    clk
    P15                  IBUF (Prop_ibuf_I_O)         0.357     0.357 r  clk_IBUF_inst/O
                         net (fo=1, routed)           0.689     1.045    clk_IBUF
    BUFGCTRL_X0Y0        BUFG (Prop_bufg_I_O)         0.029     1.074 r  clk_IBUF_BUFG_inst/O
                         net (fo=8, routed)           0.865     1.939    ofdm_chain_i/tx_scrambler/inst/regslice_both_data_in_U/ap_clk
    SLICE_X1Y9           FDRE                                         r  ofdm_chain_i/tx_scrambler/inst/regslice_both_data_in_U/ack_in_t_reg/C
                         clock pessimism             -0.517     1.422    
    SLICE_X1Y9           FDRE (Hold_fdre_C_D)         0.107     1.529    ofdm_chain_i/tx_scrambler/inst/regslice_both_data_in_U/ack_in_t_reg
  -------------------------------------------------------------------
                         required time                         -1.529    
                         arrival time                           1.771    
  -------------------------------------------------------------------
                         slack                                  0.242    

Slack (MET) :             0.253ns  (arrival time - required time)
  Source:                 ofdm_chain_i/sync_detect_0/inst/regslice_both_iq_in_U/FSM_sequential_state_reg[1]/C
                            (rising edge-triggered cell FDRE clocked by clk  {rise@0.000ns fall@5.000ns period=10.000ns})
  Destination:            ofdm_chain_i/sync_detect_0/inst/regslice_both_iq_in_U/ack_in_t_reg/D
                            (rising edge-triggered cell FDRE clocked by clk  {rise@0.000ns fall@5.000ns period=10.000ns})
  Path Group:             clk
  Path Type:              Hold (Min at Fast Process Corner)
  Requirement:            0.000ns  (clk rise@0.000ns - clk rise@0.000ns)
  Data Path Delay:        0.360ns  (logic 0.183ns (50.898%)  route 0.177ns (49.102%))
  Logic Levels:           1  (LUT4=1)
  Clock Path Skew:        0.000ns (DCD - SCD - CPR)
    Destination Clock Delay (DCD):    1.939ns
    Source Clock Delay      (SCD):    1.422ns
    Clock Pessimism Removal (CPR):    0.517ns

    Location             Delay type                Incr(ns)  Path(ns)    Netlist Resource(s)
  -------------------------------------------------------------------    -------------------
                         (clock clk rise edge)        0.000     0.000 r  
    P15                                               0.000     0.000 r  clk (IN)
                         net (fo=0)                   0.000     0.000    clk
    P15                  IBUF (Prop_ibuf_I_O)         0.168     0.168 r  clk_IBUF_inst/O
                         net (fo=1, routed)           0.634     0.802    clk_IBUF
    BUFGCTRL_X0Y0        BUFG (Prop_bufg_I_O)         0.026     0.828 r  clk_IBUF_BUFG_inst/O
                         net (fo=8, routed)           0.594     1.422    ofdm_chain_i/sync_detect_0/inst/regslice_both_iq_in_U/ap_clk
    SLICE_X0Y9           FDRE                                         r  ofdm_chain_i/sync_detect_0/inst/regslice_both_iq_in_U/FSM_sequential_state_reg[1]/C
  -------------------------------------------------------------------    -------------------
    SLICE_X0Y9           FDRE (Prop_fdre_C_Q)         0.141     1.563 f  ofdm_chain_i/sync_detect_0/inst/regslice_both_iq_in_U/FSM_sequential_state_reg[1]/Q
                         net (fo=3, routed)           0.177     1.739    ofdm_chain_i/sync_detect_0/inst/regslice_both_iq_in_U/state__0[1]
    SLICE_X0Y9           LUT4 (Prop_lut4_I2_O)        0.042     1.781 r  ofdm_chain_i/sync_detect_0/inst/regslice_both_iq_in_U/ack_in_t_i_1/O
                         net (fo=1, routed)           0.000     1.781    ofdm_chain_i/sync_detect_0/inst/regslice_both_iq_in_U/ack_in_t_i_1_n_6
    SLICE_X0Y9           FDRE                                         r  ofdm_chain_i/sync_detect_0/inst/regslice_both_iq_in_U/ack_in_t_reg/D
  -------------------------------------------------------------------    -------------------

                         (clock clk rise edge)        0.000     0.000 r  
    P15                                               0.000     0.000 r  clk (IN)
                         net (fo=0)                   0.000     0.000    clk
    P15                  IBUF (Prop_ibuf_I_O)         0.357     0.357 r  clk_IBUF_inst/O
                         net (fo=1, routed)           0.689     1.045    clk_IBUF
    BUFGCTRL_X0Y0        BUFG (Prop_bufg_I_O)         0.029     1.074 r  clk_IBUF_BUFG_inst/O
                         net (fo=8, routed)           0.865     1.939    ofdm_chain_i/sync_detect_0/inst/regslice_both_iq_in_U/ap_clk
    SLICE_X0Y9           FDRE                                         r  ofdm_chain_i/sync_detect_0/inst/regslice_both_iq_in_U/ack_in_t_reg/C
                         clock pessimism             -0.517     1.422    
    SLICE_X0Y9           FDRE (Hold_fdre_C_D)         0.107     1.529    ofdm_chain_i/sync_detect_0/inst/regslice_both_iq_in_U/ack_in_t_reg
  -------------------------------------------------------------------
                         required time                         -1.529    
                         arrival time                           1.781    
  -------------------------------------------------------------------
                         slack                                  0.253    

Slack (MET) :             0.261ns  (arrival time - required time)
  Source:                 ofdm_chain_i/tx_scrambler/inst/regslice_both_data_in_U/FSM_sequential_state_reg[1]/C
                            (rising edge-triggered cell FDRE clocked by clk  {rise@0.000ns fall@5.000ns period=10.000ns})
  Destination:            ofdm_chain_i/tx_scrambler/inst/regslice_both_data_in_U/FSM_sequential_state_reg[1]/D
                            (rising edge-triggered cell FDRE clocked by clk  {rise@0.000ns fall@5.000ns period=10.000ns})
  Path Group:             clk
  Path Type:              Hold (Min at Fast Process Corner)
  Requirement:            0.000ns  (clk rise@0.000ns - clk rise@0.000ns)
  Data Path Delay:        0.352ns  (logic 0.186ns (52.857%)  route 0.166ns (47.143%))
  Logic Levels:           1  (LUT5=1)
  Clock Path Skew:        0.000ns (DCD - SCD - CPR)
    Destination Clock Delay (DCD):    1.939ns
    Source Clock Delay      (SCD):    1.422ns
    Clock Pessimism Removal (CPR):    0.517ns

    Location             Delay type                Incr(ns)  Path(ns)    Netlist Resource(s)
  -------------------------------------------------------------------    -------------------
                         (clock clk rise edge)        0.000     0.000 r  
    P15                                               0.000     0.000 r  clk (IN)
                         net (fo=0)                   0.000     0.000    clk
    P15                  IBUF (Prop_ibuf_I_O)         0.168     0.168 r  clk_IBUF_inst/O
                         net (fo=1, routed)           0.634     0.802    clk_IBUF
    BUFGCTRL_X0Y0        BUFG (Prop_bufg_I_O)         0.026     0.828 r  clk_IBUF_BUFG_inst/O
                         net (fo=8, routed)           0.594     1.422    ofdm_chain_i/tx_scrambler/inst/regslice_both_data_in_U/ap_clk
    SLICE_X1Y9           FDRE                                         r  ofdm_chain_i/tx_scrambler/inst/regslice_both_data_in_U/FSM_sequential_state_reg[1]/C
  -------------------------------------------------------------------    -------------------
    SLICE_X1Y9           FDRE (Prop_fdre_C_Q)         0.141     1.563 r  ofdm_chain_i/tx_scrambler/inst/regslice_both_data_in_U/FSM_sequential_state_reg[1]/Q
                         net (fo=3, routed)           0.166     1.729    ofdm_chain_i/tx_scrambler/inst/regslice_both_data_in_U/state__0[1]
    SLICE_X1Y9           LUT5 (Prop_lut5_I3_O)        0.045     1.774 r  ofdm_chain_i/tx_scrambler/inst/regslice_both_data_in_U/FSM_sequential_state[1]_i_1/O
                         net (fo=1, routed)           0.000     1.774    ofdm_chain_i/tx_scrambler/inst/regslice_both_data_in_U/FSM_sequential_state[1]_i_1_n_6
    SLICE_X1Y9           FDRE                                         r  ofdm_chain_i/tx_scrambler/inst/regslice_both_data_in_U/FSM_sequential_state_reg[1]/D
  -------------------------------------------------------------------    -------------------

                         (clock clk rise edge)        0.000     0.000 r  
    P15                                               0.000     0.000 r  clk (IN)
                         net (fo=0)                   0.000     0.000    clk
    P15                  IBUF (Prop_ibuf_I_O)         0.357     0.357 r  clk_IBUF_inst/O
                         net (fo=1, routed)           0.689     1.045    clk_IBUF
    BUFGCTRL_X0Y0        BUFG (Prop_bufg_I_O)         0.029     1.074 r  clk_IBUF_BUFG_inst/O
                         net (fo=8, routed)           0.865     1.939    ofdm_chain_i/tx_scrambler/inst/regslice_both_data_in_U/ap_clk
    SLICE_X1Y9           FDRE                                         r  ofdm_chain_i/tx_scrambler/inst/regslice_both_data_in_U/FSM_sequential_state_reg[1]/C
                         clock pessimism             -0.517     1.422    
    SLICE_X1Y9           FDRE (Hold_fdre_C_D)         0.091     1.513    ofdm_chain_i/tx_scrambler/inst/regslice_both_data_in_U/FSM_sequential_state_reg[1]
  -------------------------------------------------------------------
                         required time                         -1.513    
                         arrival time                           1.774    
  -------------------------------------------------------------------
                         slack                                  0.261    

Slack (MET) :             0.262ns  (arrival time - required time)
  Source:                 ofdm_chain_i/tx_scrambler/inst/regslice_both_data_in_U/FSM_sequential_state_reg[1]/C
                            (rising edge-triggered cell FDRE clocked by clk  {rise@0.000ns fall@5.000ns period=10.000ns})
  Destination:            ofdm_chain_i/tx_scrambler/inst/regslice_both_data_in_U/FSM_sequential_state_reg[0]/D
                            (rising edge-triggered cell FDRE clocked by clk  {rise@0.000ns fall@5.000ns period=10.000ns})
  Path Group:             clk
  Path Type:              Hold (Min at Fast Process Corner)
  Requirement:            0.000ns  (clk rise@0.000ns - clk rise@0.000ns)
  Data Path Delay:        0.354ns  (logic 0.186ns (52.558%)  route 0.168ns (47.442%))
  Logic Levels:           1  (LUT4=1)
  Clock Path Skew:        0.000ns (DCD - SCD - CPR)
    Destination Clock Delay (DCD):    1.939ns
    Source Clock Delay      (SCD):    1.422ns
    Clock Pessimism Removal (CPR):    0.517ns

    Location             Delay type                Incr(ns)  Path(ns)    Netlist Resource(s)
  -------------------------------------------------------------------    -------------------
                         (clock clk rise edge)        0.000     0.000 r  
    P15                                               0.000     0.000 r  clk (IN)
                         net (fo=0)                   0.000     0.000    clk
    P15                  IBUF (Prop_ibuf_I_O)         0.168     0.168 r  clk_IBUF_inst/O
                         net (fo=1, routed)           0.634     0.802    clk_IBUF
    BUFGCTRL_X0Y0        BUFG (Prop_bufg_I_O)         0.026     0.828 r  clk_IBUF_BUFG_inst/O
                         net (fo=8, routed)           0.594     1.422    ofdm_chain_i/tx_scrambler/inst/regslice_both_data_in_U/ap_clk
    SLICE_X1Y9           FDRE                                         r  ofdm_chain_i/tx_scrambler/inst/regslice_both_data_in_U/FSM_sequential_state_reg[1]/C
  -------------------------------------------------------------------    -------------------
    SLICE_X1Y9           FDRE (Prop_fdre_C_Q)         0.141     1.563 f  ofdm_chain_i/tx_scrambler/inst/regslice_both_data_in_U/FSM_sequential_state_reg[1]/Q
                         net (fo=3, routed)           0.168     1.731    ofdm_chain_i/tx_scrambler/inst/regslice_both_data_in_U/state__0[1]
    SLICE_X1Y9           LUT4 (Prop_lut4_I0_O)        0.045     1.776 r  ofdm_chain_i/tx_scrambler/inst/regslice_both_data_in_U/FSM_sequential_state[0]_i_1/O
                         net (fo=1, routed)           0.000     1.776    ofdm_chain_i/tx_scrambler/inst/regslice_both_data_in_U/FSM_sequential_state[0]_i_1_n_6
    SLICE_X1Y9           FDRE                                         r  ofdm_chain_i/tx_scrambler/inst/regslice_both_data_in_U/FSM_sequential_state_reg[0]/D
  -------------------------------------------------------------------    -------------------

                         (clock clk rise edge)        0.000     0.000 r  
    P15                                               0.000     0.000 r  clk (IN)
                         net (fo=0)                   0.000     0.000    clk
    P15                  IBUF (Prop_ibuf_I_O)         0.357     0.357 r  clk_IBUF_inst/O
                         net (fo=1, routed)           0.689     1.045    clk_IBUF
    BUFGCTRL_X0Y0        BUFG (Prop_bufg_I_O)         0.029     1.074 r  clk_IBUF_BUFG_inst/O
                         net (fo=8, routed)           0.865     1.939    ofdm_chain_i/tx_scrambler/inst/regslice_both_data_in_U/ap_clk
    SLICE_X1Y9           FDRE                                         r  ofdm_chain_i/tx_scrambler/inst/regslice_both_data_in_U/FSM_sequential_state_reg[0]/C
                         clock pessimism             -0.517     1.422    
    SLICE_X1Y9           FDRE (Hold_fdre_C_D)         0.092     1.514    ofdm_chain_i/tx_scrambler/inst/regslice_both_data_in_U/FSM_sequential_state_reg[0]
  -------------------------------------------------------------------
                         required time                         -1.514    
                         arrival time                           1.776    
  -------------------------------------------------------------------
                         slack                                  0.262    

Slack (MET) :             0.265ns  (arrival time - required time)
  Source:                 ofdm_chain_i/sync_detect_0/inst/regslice_both_iq_in_U/FSM_sequential_state_reg[1]/C
                            (rising edge-triggered cell FDRE clocked by clk  {rise@0.000ns fall@5.000ns period=10.000ns})
  Destination:            ofdm_chain_i/sync_detect_0/inst/regslice_both_iq_in_U/FSM_sequential_state_reg[0]/D
                            (rising edge-triggered cell FDSE clocked by clk  {rise@0.000ns fall@5.000ns period=10.000ns})
  Path Group:             clk
  Path Type:              Hold (Min at Fast Process Corner)
  Requirement:            0.000ns  (clk rise@0.000ns - clk rise@0.000ns)
  Data Path Delay:        0.357ns  (logic 0.186ns (52.052%)  route 0.171ns (47.948%))
  Logic Levels:           1  (LUT3=1)
  Clock Path Skew:        0.000ns (DCD - SCD - CPR)
    Destination Clock Delay (DCD):    1.939ns
    Source Clock Delay      (SCD):    1.422ns
    Clock Pessimism Removal (CPR):    0.517ns

    Location             Delay type                Incr(ns)  Path(ns)    Netlist Resource(s)
  -------------------------------------------------------------------    -------------------
                         (clock clk rise edge)        0.000     0.000 r  
    P15                                               0.000     0.000 r  clk (IN)
                         net (fo=0)                   0.000     0.000    clk
    P15                  IBUF (Prop_ibuf_I_O)         0.168     0.168 r  clk_IBUF_inst/O
                         net (fo=1, routed)           0.634     0.802    clk_IBUF
    BUFGCTRL_X0Y0        BUFG (Prop_bufg_I_O)         0.026     0.828 r  clk_IBUF_BUFG_inst/O
                         net (fo=8, routed)           0.594     1.422    ofdm_chain_i/sync_detect_0/inst/regslice_both_iq_in_U/ap_clk
    SLICE_X0Y9           FDRE                                         r  ofdm_chain_i/sync_detect_0/inst/regslice_both_iq_in_U/FSM_sequential_state_reg[1]/C
  -------------------------------------------------------------------    -------------------
    SLICE_X0Y9           FDRE (Prop_fdre_C_Q)         0.141     1.563 f  ofdm_chain_i/sync_detect_0/inst/regslice_both_iq_in_U/FSM_sequential_state_reg[1]/Q
                         net (fo=3, routed)           0.171     1.734    ofdm_chain_i/sync_detect_0/inst/regslice_both_iq_in_U/state__0[1]
    SLICE_X0Y9           LUT3 (Prop_lut3_I2_O)        0.045     1.779 r  ofdm_chain_i/sync_detect_0/inst/regslice_both_iq_in_U/FSM_sequential_state[0]_i_1/O
                         net (fo=1, routed)           0.000     1.779    ofdm_chain_i/sync_detect_0/inst/regslice_both_iq_in_U/next__0[0]
    SLICE_X0Y9           FDSE                                         r  ofdm_chain_i/sync_detect_0/inst/regslice_both_iq_in_U/FSM_sequential_state_reg[0]/D
  -------------------------------------------------------------------    -------------------

                         (clock clk rise edge)        0.000     0.000 r  
    P15                                               0.000     0.000 r  clk (IN)
                         net (fo=0)                   0.000     0.000    clk
    P15                  IBUF (Prop_ibuf_I_O)         0.357     0.357 r  clk_IBUF_inst/O
                         net (fo=1, routed)           0.689     1.045    clk_IBUF
    BUFGCTRL_X0Y0        BUFG (Prop_bufg_I_O)         0.029     1.074 r  clk_IBUF_BUFG_inst/O
                         net (fo=8, routed)           0.865     1.939    ofdm_chain_i/sync_detect_0/inst/regslice_both_iq_in_U/ap_clk
    SLICE_X0Y9           FDSE                                         r  ofdm_chain_i/sync_detect_0/inst/regslice_both_iq_in_U/FSM_sequential_state_reg[0]/C
                         clock pessimism             -0.517     1.422    
    SLICE_X0Y9           FDSE (Hold_fdse_C_D)         0.092     1.514    ofdm_chain_i/sync_detect_0/inst/regslice_both_iq_in_U/FSM_sequential_state_reg[0]
  -------------------------------------------------------------------
                         required time                         -1.514    
                         arrival time                           1.779    
  -------------------------------------------------------------------
                         slack                                  0.265    

Slack (MET) :             0.272ns  (arrival time - required time)
  Source:                 ofdm_chain_i/sync_detect_0/inst/regslice_both_iq_in_U/FSM_sequential_state_reg[1]/C
                            (rising edge-triggered cell FDRE clocked by clk  {rise@0.000ns fall@5.000ns period=10.000ns})
  Destination:            ofdm_chain_i/sync_detect_0/inst/regslice_both_iq_in_U/FSM_sequential_state_reg[1]/D
                            (rising edge-triggered cell FDRE clocked by clk  {rise@0.000ns fall@5.000ns period=10.000ns})
  Path Group:             clk
  Path Type:              Hold (Min at Fast Process Corner)
  Requirement:            0.000ns  (clk rise@0.000ns - clk rise@0.000ns)
  Data Path Delay:        0.363ns  (logic 0.186ns (51.304%)  route 0.177ns (48.696%))
  Logic Levels:           1  (LUT4=1)
  Clock Path Skew:        0.000ns (DCD - SCD - CPR)
    Destination Clock Delay (DCD):    1.939ns
    Source Clock Delay      (SCD):    1.422ns
    Clock Pessimism Removal (CPR):    0.517ns

    Location             Delay type                Incr(ns)  Path(ns)    Netlist Resource(s)
  -------------------------------------------------------------------    -------------------
                         (clock clk rise edge)        0.000     0.000 r  
    P15                                               0.000     0.000 r  clk (IN)
                         net (fo=0)                   0.000     0.000    clk
    P15                  IBUF (Prop_ibuf_I_O)         0.168     0.168 r  clk_IBUF_inst/O
                         net (fo=1, routed)           0.634     0.802    clk_IBUF
    BUFGCTRL_X0Y0        BUFG (Prop_bufg_I_O)         0.026     0.828 r  clk_IBUF_BUFG_inst/O
                         net (fo=8, routed)           0.594     1.422    ofdm_chain_i/sync_detect_0/inst/regslice_both_iq_in_U/ap_clk
    SLICE_X0Y9           FDRE                                         r  ofdm_chain_i/sync_detect_0/inst/regslice_both_iq_in_U/FSM_sequential_state_reg[1]/C
  -------------------------------------------------------------------    -------------------
    SLICE_X0Y9           FDRE (Prop_fdre_C_Q)         0.141     1.563 r  ofdm_chain_i/sync_detect_0/inst/regslice_both_iq_in_U/FSM_sequential_state_reg[1]/Q
                         net (fo=3, routed)           0.177     1.739    ofdm_chain_i/sync_detect_0/inst/regslice_both_iq_in_U/state__0[1]
    SLICE_X0Y9           LUT4 (Prop_lut4_I0_O)        0.045     1.784 r  ofdm_chain_i/sync_detect_0/inst/regslice_both_iq_in_U/FSM_sequential_state[1]_i_1/O
                         net (fo=1, routed)           0.000     1.784    ofdm_chain_i/sync_detect_0/inst/regslice_both_iq_in_U/next__0[1]
    SLICE_X0Y9           FDRE                                         r  ofdm_chain_i/sync_detect_0/inst/regslice_both_iq_in_U/FSM_sequential_state_reg[1]/D
  -------------------------------------------------------------------    -------------------

                         (clock clk rise edge)        0.000     0.000 r  
    P15                                               0.000     0.000 r  clk (IN)
                         net (fo=0)                   0.000     0.000    clk
    P15                  IBUF (Prop_ibuf_I_O)         0.357     0.357 r  clk_IBUF_inst/O
                         net (fo=1, routed)           0.689     1.045    clk_IBUF
    BUFGCTRL_X0Y0        BUFG (Prop_bufg_I_O)         0.029     1.074 r  clk_IBUF_BUFG_inst/O
                         net (fo=8, routed)           0.865     1.939    ofdm_chain_i/sync_detect_0/inst/regslice_both_iq_in_U/ap_clk
    SLICE_X0Y9           FDRE                                         r  ofdm_chain_i/sync_detect_0/inst/regslice_both_iq_in_U/FSM_sequential_state_reg[1]/C
                         clock pessimism             -0.517     1.422    
    SLICE_X0Y9           FDRE (Hold_fdre_C_D)         0.091     1.513    ofdm_chain_i/sync_detect_0/inst/regslice_both_iq_in_U/FSM_sequential_state_reg[1]
  -------------------------------------------------------------------
                         required time                         -1.513    
                         arrival time                           1.784    
  -------------------------------------------------------------------
                         slack                                  0.272    

Slack (MET) :             0.277ns  (arrival time - required time)
  Source:                 ofdm_chain_i/ofdm_tx_0/inst/regslice_both_iq_out_U/state_reg[0]/C
                            (rising edge-triggered cell FDRE clocked by clk  {rise@0.000ns fall@5.000ns period=10.000ns})
  Destination:            ofdm_chain_i/ofdm_tx_0/inst/regslice_both_iq_out_U/state_reg[1]/D
                            (rising edge-triggered cell FDSE clocked by clk  {rise@0.000ns fall@5.000ns period=10.000ns})
  Path Group:             clk
  Path Type:              Hold (Min at Fast Process Corner)
  Requirement:            0.000ns  (clk rise@0.000ns - clk rise@0.000ns)
  Data Path Delay:        0.369ns  (logic 0.186ns (50.406%)  route 0.183ns (49.594%))
  Logic Levels:           1  (LUT3=1)
  Clock Path Skew:        0.000ns (DCD - SCD - CPR)
    Destination Clock Delay (DCD):    1.938ns
    Source Clock Delay      (SCD):    1.421ns
    Clock Pessimism Removal (CPR):    0.517ns

    Location             Delay type                Incr(ns)  Path(ns)    Netlist Resource(s)
  -------------------------------------------------------------------    -------------------
                         (clock clk rise edge)        0.000     0.000 r  
    P15                                               0.000     0.000 r  clk (IN)
                         net (fo=0)                   0.000     0.000    clk
    P15                  IBUF (Prop_ibuf_I_O)         0.168     0.168 r  clk_IBUF_inst/O
                         net (fo=1, routed)           0.634     0.802    clk_IBUF
    BUFGCTRL_X0Y0        BUFG (Prop_bufg_I_O)         0.026     0.828 r  clk_IBUF_BUFG_inst/O
                         net (fo=8, routed)           0.593     1.421    ofdm_chain_i/ofdm_tx_0/inst/regslice_both_iq_out_U/ap_clk
    SLICE_X0Y11          FDRE                                         r  ofdm_chain_i/ofdm_tx_0/inst/regslice_both_iq_out_U/state_reg[0]/C
  -------------------------------------------------------------------    -------------------
    SLICE_X0Y11          FDRE (Prop_fdre_C_Q)         0.141     1.562 f  ofdm_chain_i/ofdm_tx_0/inst/regslice_both_iq_out_U/state_reg[0]/Q
                         net (fo=3, routed)           0.183     1.745    ofdm_chain_i/ofdm_tx_0/inst/regslice_both_iq_out_U/vld_out
    SLICE_X0Y11          LUT3 (Prop_lut3_I2_O)        0.045     1.790 r  ofdm_chain_i/ofdm_tx_0/inst/regslice_both_iq_out_U/state[1]_i_1/O
                         net (fo=1, routed)           0.000     1.790    ofdm_chain_i/ofdm_tx_0/inst/regslice_both_iq_out_U/state[1]_i_1_n_6
    SLICE_X0Y11          FDSE                                         r  ofdm_chain_i/ofdm_tx_0/inst/regslice_both_iq_out_U/state_reg[1]/D
  -------------------------------------------------------------------    -------------------

                         (clock clk rise edge)        0.000     0.000 r  
    P15                                               0.000     0.000 r  clk (IN)
                         net (fo=0)                   0.000     0.000    clk
    P15                  IBUF (Prop_ibuf_I_O)         0.357     0.357 r  clk_IBUF_inst/O
                         net (fo=1, routed)           0.689     1.045    clk_IBUF
    BUFGCTRL_X0Y0        BUFG (Prop_bufg_I_O)         0.029     1.074 r  clk_IBUF_BUFG_inst/O
                         net (fo=8, routed)           0.864     1.938    ofdm_chain_i/ofdm_tx_0/inst/regslice_both_iq_out_U/ap_clk
    SLICE_X0Y11          FDSE                                         r  ofdm_chain_i/ofdm_tx_0/inst/regslice_both_iq_out_U/state_reg[1]/C
                         clock pessimism             -0.517     1.421    
    SLICE_X0Y11          FDSE (Hold_fdse_C_D)         0.092     1.513    ofdm_chain_i/ofdm_tx_0/inst/regslice_both_iq_out_U/state_reg[1]
  -------------------------------------------------------------------
                         required time                         -1.513    
                         arrival time                           1.790    
  -------------------------------------------------------------------
                         slack                                  0.277    

Slack (MET) :             0.283ns  (arrival time - required time)
  Source:                 ofdm_chain_i/ofdm_tx_0/inst/regslice_both_iq_out_U/state_reg[0]/C
                            (rising edge-triggered cell FDRE clocked by clk  {rise@0.000ns fall@5.000ns period=10.000ns})
  Destination:            ofdm_chain_i/ofdm_tx_0/inst/regslice_both_iq_out_U/state_reg[0]/D
                            (rising edge-triggered cell FDRE clocked by clk  {rise@0.000ns fall@5.000ns period=10.000ns})
  Path Group:             clk
  Path Type:              Hold (Min at Fast Process Corner)
  Requirement:            0.000ns  (clk rise@0.000ns - clk rise@0.000ns)
  Data Path Delay:        0.374ns  (logic 0.186ns (49.704%)  route 0.188ns (50.296%))
  Logic Levels:           1  (LUT3=1)
  Clock Path Skew:        0.000ns (DCD - SCD - CPR)
    Destination Clock Delay (DCD):    1.938ns
    Source Clock Delay      (SCD):    1.421ns
    Clock Pessimism Removal (CPR):    0.517ns

    Location             Delay type                Incr(ns)  Path(ns)    Netlist Resource(s)
  -------------------------------------------------------------------    -------------------
                         (clock clk rise edge)        0.000     0.000 r  
    P15                                               0.000     0.000 r  clk (IN)
                         net (fo=0)                   0.000     0.000    clk
    P15                  IBUF (Prop_ibuf_I_O)         0.168     0.168 r  clk_IBUF_inst/O
                         net (fo=1, routed)           0.634     0.802    clk_IBUF
    BUFGCTRL_X0Y0        BUFG (Prop_bufg_I_O)         0.026     0.828 r  clk_IBUF_BUFG_inst/O
                         net (fo=8, routed)           0.593     1.421    ofdm_chain_i/ofdm_tx_0/inst/regslice_both_iq_out_U/ap_clk
    SLICE_X0Y11          FDRE                                         r  ofdm_chain_i/ofdm_tx_0/inst/regslice_both_iq_out_U/state_reg[0]/C
  -------------------------------------------------------------------    -------------------
    SLICE_X0Y11          FDRE (Prop_fdre_C_Q)         0.141     1.562 r  ofdm_chain_i/ofdm_tx_0/inst/regslice_both_iq_out_U/state_reg[0]/Q
                         net (fo=3, routed)           0.188     1.750    ofdm_chain_i/ofdm_tx_0/inst/regslice_both_iq_out_U/vld_out
    SLICE_X0Y11          LUT3 (Prop_lut3_I1_O)        0.045     1.795 r  ofdm_chain_i/ofdm_tx_0/inst/regslice_both_iq_out_U/state[0]_i_1/O
                         net (fo=1, routed)           0.000     1.795    ofdm_chain_i/ofdm_tx_0/inst/regslice_both_iq_out_U/state[0]_i_1_n_6
    SLICE_X0Y11          FDRE                                         r  ofdm_chain_i/ofdm_tx_0/inst/regslice_both_iq_out_U/state_reg[0]/D
  -------------------------------------------------------------------    -------------------

                         (clock clk rise edge)        0.000     0.000 r  
    P15                                               0.000     0.000 r  clk (IN)
                         net (fo=0)                   0.000     0.000    clk
    P15                  IBUF (Prop_ibuf_I_O)         0.357     0.357 r  clk_IBUF_inst/O
                         net (fo=1, routed)           0.689     1.045    clk_IBUF
    BUFGCTRL_X0Y0        BUFG (Prop_bufg_I_O)         0.029     1.074 r  clk_IBUF_BUFG_inst/O
                         net (fo=8, routed)           0.864     1.938    ofdm_chain_i/ofdm_tx_0/inst/regslice_both_iq_out_U/ap_clk
    SLICE_X0Y11          FDRE                                         r  ofdm_chain_i/ofdm_tx_0/inst/regslice_both_iq_out_U/state_reg[0]/C
                         clock pessimism             -0.517     1.421    
    SLICE_X0Y11          FDRE (Hold_fdre_C_D)         0.091     1.512    ofdm_chain_i/ofdm_tx_0/inst/regslice_both_iq_out_U/state_reg[0]
  -------------------------------------------------------------------
                         required time                         -1.512    
                         arrival time                           1.795    
  -------------------------------------------------------------------
                         slack                                  0.283    





Pulse Width Checks
--------------------------------------------------------------------------------------
Clock Name:         clk
Waveform(ns):       { 0.000 5.000 }
Period(ns):         10.000
Sources:            { clk }

Check Type        Corner  Lib Pin  Reference Pin  Required(ns)  Actual(ns)  Slack(ns)  Location       Pin
Min Period        n/a     BUFG/I   n/a            1.592         10.000      8.408      BUFGCTRL_X0Y0  clk_IBUF_BUFG_inst/I
Min Period        n/a     FDRE/C   n/a            1.000         10.000      9.000      SLICE_X0Y11    ofdm_chain_i/ofdm_tx_0/inst/regslice_both_iq_out_U/state_reg[0]/C
Min Period        n/a     FDSE/C   n/a            1.000         10.000      9.000      SLICE_X0Y11    ofdm_chain_i/ofdm_tx_0/inst/regslice_both_iq_out_U/state_reg[1]/C
Min Period        n/a     FDSE/C   n/a            1.000         10.000      9.000      SLICE_X0Y9     ofdm_chain_i/sync_detect_0/inst/regslice_both_iq_in_U/FSM_sequential_state_reg[0]/C
Min Period        n/a     FDRE/C   n/a            1.000         10.000      9.000      SLICE_X0Y9     ofdm_chain_i/sync_detect_0/inst/regslice_both_iq_in_U/FSM_sequential_state_reg[1]/C
Min Period        n/a     FDRE/C   n/a            1.000         10.000      9.000      SLICE_X0Y9     ofdm_chain_i/sync_detect_0/inst/regslice_both_iq_in_U/ack_in_t_reg/C
Min Period        n/a     FDRE/C   n/a            1.000         10.000      9.000      SLICE_X1Y9     ofdm_chain_i/tx_scrambler/inst/regslice_both_data_in_U/FSM_sequential_state_reg[0]/C
Min Period        n/a     FDRE/C   n/a            1.000         10.000      9.000      SLICE_X1Y9     ofdm_chain_i/tx_scrambler/inst/regslice_both_data_in_U/FSM_sequential_state_reg[1]/C
Min Period        n/a     FDRE/C   n/a            1.000         10.000      9.000      SLICE_X1Y9     ofdm_chain_i/tx_scrambler/inst/regslice_both_data_in_U/ack_in_t_reg/C
Low Pulse Width   Slow    FDRE/C   n/a            0.500         5.000       4.500      SLICE_X0Y11    ofdm_chain_i/ofdm_tx_0/inst/regslice_both_iq_out_U/state_reg[0]/C
Low Pulse Width   Fast    FDRE/C   n/a            0.500         5.000       4.500      SLICE_X0Y11    ofdm_chain_i/ofdm_tx_0/inst/regslice_both_iq_out_U/state_reg[0]/C
Low Pulse Width   Slow    FDSE/C   n/a            0.500         5.000       4.500      SLICE_X0Y11    ofdm_chain_i/ofdm_tx_0/inst/regslice_both_iq_out_U/state_reg[1]/C
Low Pulse Width   Fast    FDSE/C   n/a            0.500         5.000       4.500      SLICE_X0Y11    ofdm_chain_i/ofdm_tx_0/inst/regslice_both_iq_out_U/state_reg[1]/C
Low Pulse Width   Slow    FDSE/C   n/a            0.500         5.000       4.500      SLICE_X0Y9     ofdm_chain_i/sync_detect_0/inst/regslice_both_iq_in_U/FSM_sequential_state_reg[0]/C
Low Pulse Width   Fast    FDSE/C   n/a            0.500         5.000       4.500      SLICE_X0Y9     ofdm_chain_i/sync_detect_0/inst/regslice_both_iq_in_U/FSM_sequential_state_reg[0]/C
Low Pulse Width   Slow    FDRE/C   n/a            0.500         5.000       4.500      SLICE_X0Y9     ofdm_chain_i/sync_detect_0/inst/regslice_both_iq_in_U/FSM_sequential_state_reg[1]/C
Low Pulse Width   Fast    FDRE/C   n/a            0.500         5.000       4.500      SLICE_X0Y9     ofdm_chain_i/sync_detect_0/inst/regslice_both_iq_in_U/FSM_sequential_state_reg[1]/C
Low Pulse Width   Slow    FDRE/C   n/a            0.500         5.000       4.500      SLICE_X0Y9     ofdm_chain_i/sync_detect_0/inst/regslice_both_iq_in_U/ack_in_t_reg/C
Low Pulse Width   Fast    FDRE/C   n/a            0.500         5.000       4.500      SLICE_X0Y9     ofdm_chain_i/sync_detect_0/inst/regslice_both_iq_in_U/ack_in_t_reg/C
High Pulse Width  Slow    FDRE/C   n/a            0.500         5.000       4.500      SLICE_X0Y11    ofdm_chain_i/ofdm_tx_0/inst/regslice_both_iq_out_U/state_reg[0]/C
High Pulse Width  Fast    FDRE/C   n/a            0.500         5.000       4.500      SLICE_X0Y11    ofdm_chain_i/ofdm_tx_0/inst/regslice_both_iq_out_U/state_reg[0]/C
High Pulse Width  Slow    FDSE/C   n/a            0.500         5.000       4.500      SLICE_X0Y11    ofdm_chain_i/ofdm_tx_0/inst/regslice_both_iq_out_U/state_reg[1]/C
High Pulse Width  Fast    FDSE/C   n/a            0.500         5.000       4.500      SLICE_X0Y11    ofdm_chain_i/ofdm_tx_0/inst/regslice_both_iq_out_U/state_reg[1]/C
High Pulse Width  Slow    FDSE/C   n/a            0.500         5.000       4.500      SLICE_X0Y9     ofdm_chain_i/sync_detect_0/inst/regslice_both_iq_in_U/FSM_sequential_state_reg[0]/C
High Pulse Width  Fast    FDSE/C   n/a            0.500         5.000       4.500      SLICE_X0Y9     ofdm_chain_i/sync_detect_0/inst/regslice_both_iq_in_U/FSM_sequential_state_reg[0]/C
High Pulse Width  Slow    FDRE/C   n/a            0.500         5.000       4.500      SLICE_X0Y9     ofdm_chain_i/sync_detect_0/inst/regslice_both_iq_in_U/FSM_sequential_state_reg[1]/C
High Pulse Width  Fast    FDRE/C   n/a            0.500         5.000       4.500      SLICE_X0Y9     ofdm_chain_i/sync_detect_0/inst/regslice_both_iq_in_U/FSM_sequential_state_reg[1]/C
High Pulse Width  Slow    FDRE/C   n/a            0.500         5.000       4.500      SLICE_X0Y9     ofdm_chain_i/sync_detect_0/inst/regslice_both_iq_in_U/ack_in_t_reg/C
High Pulse Width  Fast    FDRE/C   n/a            0.500         5.000       4.500      SLICE_X0Y9     ofdm_chain_i/sync_detect_0/inst/regslice_both_iq_in_U/ack_in_t_reg/C



